<?xml version="1.0" encoding="UTF-8"?>
<!-- Generated by org.testng.reporters.JUnitReportReporter -->
<testsuite hostname="DESKTOP-032BQ8K" failures="0" tests="1" name="tests.TwoTest" time="11.185" errors="0" timestamp="2022-09-14T21:08:49 IST" skipped="0">
  <testcase classname="tests.TwoTest" name="twoTest" time="11.185"/>
  <system-out/>
</testsuite> <!-- tests.TwoTest -->
