<?xml version="1.0" encoding="UTF-8"?>
<!-- Generated by org.testng.reporters.JUnitReportReporter -->
<testsuite hostname="DESKTOP-032BQ8K" failures="0" tests="1" name="tests.LoginTest" time="17.493" errors="0" timestamp="2022-09-13T03:08:55 IST" skipped="0">
  <testcase classname="tests.LoginTest" name="loginTest" time="17.493"/>
  <system-out/>
</testsuite> <!-- tests.LoginTest -->
