<?xml version="1.0" encoding="UTF-8"?>
<!-- Generated by org.testng.reporters.JUnitReportReporter -->
<testsuite hostname="DESKTOP-032BQ8K" failures="0" tests="1" name="tests.Para" time="0.014" errors="0" timestamp="2022-09-14T21:16:44 IST" skipped="0">
  <testcase classname="tests.Para" name="name" time="0.014"/>
  <system-out/>
</testsuite> <!-- tests.Para -->
