<?xml version="1.0" encoding="UTF-8"?>
<!-- Generated by org.testng.reporters.JUnitReportReporter -->
<testsuite hostname="DESKTOP-032BQ8K" failures="0" tests="1" name="tests.TwoTest" time="9.712" errors="0" timestamp="2022-09-13T12:31:02 IST" skipped="0">
  <testcase classname="tests.TwoTest" name="twoTest" time="9.712"/>
  <system-out/>
</testsuite> <!-- tests.TwoTest -->
